2026-04-22T01:41:47+00:00 DEBUG Tt4b_Pixel_Class::inject_initiate_checkout_event: hit InitiateCheckout
2026-04-22T01:41:47+00:00 DEBUG Tt4b_Pixel_Class::inject_initiate_checkout_event: Missing option "access_token"
2026-04-22T01:46:02+00:00 DEBUG Tt4b_Pixel_Class::inject_add_to_cart_event: hit AddToCart
2026-04-22T01:46:02+00:00 DEBUG Tt4b_Pixel_Class::inject_add_to_cart_event: Missing option "access_token"
2026-04-22T01:46:18+00:00 DEBUG Tt4b_Pixel_Class::inject_initiate_checkout_event: hit InitiateCheckout
2026-04-22T01:46:18+00:00 DEBUG Tt4b_Pixel_Class::inject_initiate_checkout_event: Missing option "access_token"
2026-04-22T01:51:26+00:00 DEBUG Tt4b_Pixel_Class::inject_initiate_checkout_event: hit InitiateCheckout
2026-04-22T01:51:26+00:00 DEBUG Tt4b_Pixel_Class::inject_initiate_checkout_event: Missing option "access_token"
2026-04-22T02:08:13+00:00 DEBUG Tt4b_Pixel_Class::inject_initiate_checkout_event: hit InitiateCheckout
2026-04-22T02:08:13+00:00 DEBUG Tt4b_Pixel_Class::inject_initiate_checkout_event: Missing option "access_token"
2026-04-22T02:09:05+00:00 DEBUG Tt4b_Pixel_Class::inject_view_content_event: hit ViewContent
2026-04-22T02:09:05+00:00 DEBUG Tt4b_Pixel_Class::inject_view_content_event: Missing option "access_token"
2026-04-22T02:09:22+00:00 DEBUG Tt4b_Pixel_Class::inject_add_to_cart_event: hit AddToCart
2026-04-22T02:09:22+00:00 DEBUG Tt4b_Pixel_Class::inject_add_to_cart_event: Missing option "access_token"
2026-04-22T02:09:50+00:00 DEBUG Tt4b_Pixel_Class::inject_initiate_checkout_event: hit InitiateCheckout
2026-04-22T02:09:50+00:00 DEBUG Tt4b_Pixel_Class::inject_initiate_checkout_event: Missing option "access_token"
2026-04-22T02:17:59+00:00 DEBUG Tt4b_Pixel_Class::inject_initiate_checkout_event: hit InitiateCheckout
2026-04-22T02:17:59+00:00 DEBUG Tt4b_Pixel_Class::inject_initiate_checkout_event: Missing option "access_token"
2026-04-22T02:25:18+00:00 DEBUG Tt4b_Pixel_Class::inject_initiate_checkout_event: hit InitiateCheckout
2026-04-22T02:25:18+00:00 DEBUG Tt4b_Pixel_Class::inject_initiate_checkout_event: Missing option "access_token"
2026-04-22T02:28:15+00:00 DEBUG Tt4b_Pixel_Class::inject_initiate_checkout_event: hit InitiateCheckout
2026-04-22T02:28:15+00:00 DEBUG Tt4b_Pixel_Class::inject_initiate_checkout_event: Missing option "access_token"
2026-04-22T02:28:15+00:00 DEBUG Tt4b_Pixel_Class::inject_initiate_checkout_event: hit InitiateCheckout
2026-04-22T02:28:15+00:00 DEBUG Tt4b_Pixel_Class::inject_initiate_checkout_event: Missing option "access_token"
2026-04-22T02:37:38+00:00 DEBUG Tt4b_Pixel_Class::inject_initiate_checkout_event: hit InitiateCheckout
2026-04-22T02:37:38+00:00 DEBUG Tt4b_Pixel_Class::inject_initiate_checkout_event: Missing option "access_token"
2026-04-22T02:38:15+00:00 DEBUG Tt4b_Pixel_Class::inject_initiate_checkout_event: hit InitiateCheckout
2026-04-22T02:38:15+00:00 DEBUG Tt4b_Pixel_Class::inject_initiate_checkout_event: Missing option "access_token"
2026-04-22T02:42:42+00:00 DEBUG Tt4b_Pixel_Class::inject_initiate_checkout_event: hit InitiateCheckout
2026-04-22T02:42:42+00:00 DEBUG Tt4b_Pixel_Class::inject_initiate_checkout_event: Missing option "access_token"
2026-04-22T02:45:32+00:00 DEBUG Tt4b_Pixel_Class::inject_initiate_checkout_event: hit InitiateCheckout
2026-04-22T02:45:32+00:00 DEBUG Tt4b_Pixel_Class::inject_initiate_checkout_event: Missing option "access_token"
2026-04-22T02:45:58+00:00 DEBUG Tt4b_Pixel_Class::inject_initiate_checkout_event: hit InitiateCheckout
2026-04-22T02:45:58+00:00 DEBUG Tt4b_Pixel_Class::inject_initiate_checkout_event: Missing option "access_token"
2026-04-22T02:47:09+00:00 DEBUG Tt4b_Pixel_Class::inject_purchase_event: hit Purchase
2026-04-22T02:47:09+00:00 DEBUG Tt4b_Pixel_Class::inject_purchase_event: Missing option "access_token"
2026-04-22T03:19:20+00:00 DEBUG Tt4b_Pixel_Class::inject_view_content_event: hit ViewContent
2026-04-22T03:19:20+00:00 DEBUG Tt4b_Pixel_Class::inject_view_content_event: Missing option "access_token"
2026-04-22T03:53:48+00:00 DEBUG Tt4b_Pixel_Class::inject_add_to_cart_event: hit AddToCart
2026-04-22T03:53:48+00:00 DEBUG Tt4b_Pixel_Class::inject_add_to_cart_event: Missing option "access_token"
2026-04-22T03:54:11+00:00 DEBUG Tt4b_Pixel_Class::inject_initiate_checkout_event: hit InitiateCheckout
2026-04-22T03:54:11+00:00 DEBUG Tt4b_Pixel_Class::inject_initiate_checkout_event: Missing option "access_token"
2026-04-22T03:55:05+00:00 DEBUG Tt4b_Pixel_Class::inject_purchase_event: hit Purchase
2026-04-22T03:55:05+00:00 DEBUG Tt4b_Pixel_Class::inject_purchase_event: Missing option "access_token"
2026-04-22T04:41:37+00:00 DEBUG Tt4b_Pixel_Class::inject_add_to_cart_event: hit AddToCart
2026-04-22T04:41:37+00:00 DEBUG Tt4b_Pixel_Class::inject_add_to_cart_event: Missing option "access_token"
2026-04-22T04:44:54+00:00 DEBUG Tt4b_Pixel_Class::inject_initiate_checkout_event: hit InitiateCheckout
2026-04-22T04:44:54+00:00 DEBUG Tt4b_Pixel_Class::inject_initiate_checkout_event: Missing option "access_token"
2026-04-22T05:34:34+00:00 DEBUG POST: https://business-api.tiktok.com/tbp/v2.0/business_profile/disconnect?external_data=

{"business_platform":"WOO_COMMERCE","external_business_id":"tt4b_woocommerce_69a8ea19a7d39"}
 ajax: no
2026-04-22T05:34:34+00:00 DEBUG Tt4b_Mapi_Class::tbp_post: Response: 

HTTP/1.1 200 OK
Content-Type: application/json; charset=utf-8
Content-Length: 95
X-Api-Deprecation-Info: API for Business Version 1.3 is now live. To avoid disruption to your business, we recommend you migrate all calls to v1.3 as soon as possible. Please visit our migration guide for more details: https://ads.tiktok.com/marketing_api/docs?id=1740029169927169
X-Domain-Change-Info: We have moved to the new domain business-api.tiktok.com for API services after the Platform Upgrade on 09/30/2021. Please update all of your requests with the new domain if you haven't done so already. For more information, please visit https://ads.tiktok.com/marketing_api/docs?rid=esb88xalm6m&id=1709207085043713
X-Tt-Logid: 20260422133625844372C37C76D81257FA
Access-Control-Expose-Headers: x-tt-traceflag,x-tt-logid
x-tt-trace-host: 01ce578186ade553eac63e844ff05e959553192f2737cc55bd2c445fec568fde784a7e18e913db9f64c9bab0c28e1e4b0e2f6b175978c53f3b96b9dd11f373ac69e21f6ae652758cb32dcbde400e0c8718cff27792d78752c8830ddfe2a8a4613b97bdd1cc380cdaadeeef37319b511729
x-tt-trace-id: 00-260422133625844372C37C76D81257FA-54177E9D63EB9361-00
Server: TLB
X-Origin-Response-Time: 13,173.222.132.204
X-Akamai-Request-ID: 7081782.b8f7713c
Expires: Wed, 22 Apr 2026 05:36:25 GMT
Cache-Control: max-age=0, no-cache, no-store
Pragma: no-cache
Date: Wed, 22 Apr 2026 05:36:25 GMT
X-Cache: TCP_MISS from a113-171-230-23.deploy.akamaitechnologies.com (AkamaiGHost/22.5.0-aaef44c942a33f2d231f7120051a5b09) (-)
Connection: close
X-Cache-Remote: TCP_MISS from a173-222-132-204.deploy.akamaitechnologies.com (AkamaiGHost/22.5.0-aaef44c942a33f2d231f7120051a5b09) (-)
x-tt-trace-tag: id=16;cdn-cache=miss;type=dyn
Server-Timing: cdn-cache; desc=MISS, edge; dur=50, origin; dur=13
Server-Timing: inner; dur=7
X-Parent-Response-Time: 61,113.171.230.23

{"code":40001,"message":"Permission denied.","request_id":"20260422133625844372C37C76D81257FA"}

2026-04-22T05:34:34+00:00 DEBUG POST: https://business-api.tiktok.com/tbp/v2.0/shop/connection/disconnect?external_data=

--- EMPTY STRING ---
 ajax: no
2026-04-22T05:34:35+00:00 DEBUG Tt4b_Mapi_Class::tts_shop_disconnect: Response: 

HTTP/1.1 200 OK
Content-Type: application/json; charset=utf-8
Content-Length: 95
X-Api-Deprecation-Info: API for Business Version 1.3 is now live. To avoid disruption to your business, we recommend you migrate all calls to v1.3 as soon as possible. Please visit our migration guide for more details: https://ads.tiktok.com/marketing_api/docs?id=1740029169927169
X-Domain-Change-Info: We have moved to the new domain business-api.tiktok.com for API services after the Platform Upgrade on 09/30/2021. Please update all of your requests with the new domain if you haven't done so already. For more information, please visit https://ads.tiktok.com/marketing_api/docs?rid=esb88xalm6m&id=1709207085043713
X-Tt-Logid: 2026042213362627F1AE755A72EE0EA5EA
Access-Control-Expose-Headers: x-tt-traceflag,x-tt-logid
x-tt-trace-host: 01ce578186ade553eac63e844ff05e9595169a1fc99f9453c2979922442b5581037f6c3cc8a4ed2ceff528289c2cf81206fcfbc14a9a5b57303c81f854f7c94b15f5c6464eaafe7b4f8a1cfe8836b6c75257fbb3ce1f0355ecf4b227808cccf1165b2f924b4e460c978d0348bc88877fd6
x-tt-trace-id: 00-26042213362627F1AE755A72EE0EA5EA-053465617512324F-00
Server: TLB
X-Origin-Response-Time: 11,2.22.241.76
X-Akamai-Request-ID: 4941e99c.1945ffe
Expires: Wed, 22 Apr 2026 05:36:26 GMT
Cache-Control: max-age=0, no-cache, no-store
Pragma: no-cache
Date: Wed, 22 Apr 2026 05:36:26 GMT
X-Cache: TCP_MISS from a113-171-230-20.deploy.akamaitechnologies.com (AkamaiGHost/22.5.0-aaef44c942a33f2d231f7120051a5b09) (-)
Connection: close
X-Cache-Remote: TCP_MISS from a2-22-241-76.deploy.akamaitechnologies.com (AkamaiGHost/22.5.0-aaef44c942a33f2d231f7120051a5b09) (-)
x-tt-trace-tag: id=16;cdn-cache=miss;type=dyn
Server-Timing: cdn-cache; desc=MISS, edge; dur=46, origin; dur=11
Server-Timing: inner; dur=6
X-Parent-Response-Time: 55,113.171.230.20

{"code":40001,"message":"Permission denied.","request_id":"2026042213362627F1AE755A72EE0EA5EA"}

